f:\trinity\dissertation\project\volumetriccloud\volumetriccloud\release\vc142.pdb
f:\trinity\dissertation\project\volumetriccloud\volumetriccloud\release\shader.obj
f:\trinity\dissertation\project\volumetriccloud\volumetriccloud\release\model.obj
f:\trinity\dissertation\project\volumetriccloud\volumetriccloud\release\mesh.obj
f:\trinity\dissertation\project\volumetriccloud\volumetriccloud\release\material.obj
f:\trinity\dissertation\project\volumetriccloud\volumetriccloud\release\lightdirectional.obj
f:\trinity\dissertation\project\volumetriccloud\volumetriccloud\release\imgui_widgets.obj
f:\trinity\dissertation\project\volumetriccloud\volumetriccloud\release\imgui_tables.obj
f:\trinity\dissertation\project\volumetriccloud\volumetriccloud\release\imgui_impl_opengl3.obj
f:\trinity\dissertation\project\volumetriccloud\volumetriccloud\release\imgui_impl_glfw.obj
f:\trinity\dissertation\project\volumetriccloud\volumetriccloud\release\imgui_draw.obj
f:\trinity\dissertation\project\volumetriccloud\volumetriccloud\release\imgui_demo.obj
f:\trinity\dissertation\project\volumetriccloud\volumetriccloud\release\imgui.obj
f:\trinity\dissertation\project\volumetriccloud\volumetriccloud\release\camera.obj
f:\trinity\dissertation\project\volumetriccloud\volumetriccloud\release\main.obj
f:\trinity\dissertation\project\volumetriccloud\release\volumetriccloud.exe
f:\trinity\dissertation\project\volumetriccloud\volumetriccloud\release\volumetriccloud.ipdb
f:\trinity\dissertation\project\volumetriccloud\volumetriccloud\release\volumetriccloud.iobj
f:\trinity\dissertation\project\volumetriccloud\release\volumetriccloud.pdb
f:\trinity\dissertation\project\volumetriccloud\volumetriccloud\release\volumetriccloud.tlog\cl.command.1.tlog
f:\trinity\dissertation\project\volumetriccloud\volumetriccloud\release\volumetriccloud.tlog\cl.read.1.tlog
f:\trinity\dissertation\project\volumetriccloud\volumetriccloud\release\volumetriccloud.tlog\cl.write.1.tlog
f:\trinity\dissertation\project\volumetriccloud\volumetriccloud\release\volumetriccloud.tlog\link.command.1.tlog
f:\trinity\dissertation\project\volumetriccloud\volumetriccloud\release\volumetriccloud.tlog\link.read.1.tlog
f:\trinity\dissertation\project\volumetriccloud\volumetriccloud\release\volumetriccloud.tlog\link.write.1.tlog
