  Main.cpp
D:\VolumetricCloud\VolumetricCloud\VolumetricCloud\Main.cpp(272,30): warning C4244: 'initializing': conversion from 'double' to 'GLfloat', possible loss of data
D:\VolumetricCloud\VolumetricCloud\VolumetricCloud\Main.cpp(366,39): warning C4244: '=': conversion from 'double' to 'float', possible loss of data
D:\VolumetricCloud\VolumetricCloud\VolumetricCloud\Main.cpp(465,68): warning C4244: '+=': conversion from 'double' to 'float', possible loss of data
D:\VolumetricCloud\VolumetricCloud\VolumetricCloud\Main.cpp(258,11): warning C4101: 'timeStamp': unreferenced local variable
D:\VolumetricCloud\VolumetricCloud\VolumetricCloud\Main.cpp(544,21): warning C4244: '=': conversion from 'double' to 'GLfloat', possible loss of data
D:\VolumetricCloud\VolumetricCloud\VolumetricCloud\Main.cpp(545,21): warning C4244: '=': conversion from 'double' to 'GLfloat', possible loss of data
D:\VolumetricCloud\VolumetricCloud\VolumetricCloud\Main.cpp(549,25): warning C4244: 'initializing': conversion from 'double' to 'GLfloat', possible loss of data
D:\VolumetricCloud\VolumetricCloud\VolumetricCloud\Main.cpp(550,25): warning C4244: 'initializing': conversion from 'double' to 'GLfloat', possible loss of data
D:\VolumetricCloud\VolumetricCloud\VolumetricCloud\Main.cpp(552,17): warning C4244: '=': conversion from 'double' to 'GLfloat', possible loss of data
D:\VolumetricCloud\VolumetricCloud\VolumetricCloud\Main.cpp(553,17): warning C4244: '=': conversion from 'double' to 'GLfloat', possible loss of data
D:\VolumetricCloud\VolumetricCloud\VolumetricCloud\Main.cpp(569,31): warning C4244: 'argument': conversion from 'double' to 'float', possible loss of data
D:\VolumetricCloud\VolumetricCloud\VolumetricCloud\Main.cpp(646,22): warning C4244: 'initializing': conversion from 'int' to 'float', possible loss of data
D:\VolumetricCloud\VolumetricCloud\VolumetricCloud\Main.cpp(682,63): warning C4244: 'argument': conversion from 'float' to 'GLsizei', possible loss of data
D:\VolumetricCloud\VolumetricCloud\VolumetricCloud\Main.cpp(682,55): warning C4244: 'argument': conversion from 'float' to 'GLsizei', possible loss of data
D:\VolumetricCloud\VolumetricCloud\VolumetricCloud\Main.cpp(682,48): warning C4244: 'argument': conversion from 'float' to 'GLsizei', possible loss of data
D:\VolumetricCloud\VolumetricCloud\VolumetricCloud\Main.cpp(709,66): warning C4305: 'initializing': truncation from 'double' to 'float'
D:\VolumetricCloud\VolumetricCloud\VolumetricCloud\Main.cpp(710,17): warning C4244: 'initializing': conversion from 'double' to 'float', possible loss of data
LINK : warning LNK4098: defaultlib 'LIBCMT' conflicts with use of other libs; use /NODEFAULTLIB:library
  Generating code
  1 of 2273 functions (<0.1%) were compiled, the rest were copied from previous compilation.
    0 functions were new in current compilation
    29 functions had inline decision re-evaluated but remain unchanged
  Finished generating code
LINK : warning LNK4286: symbol '___glewGenBuffers' defined in 'glew32s.lib(glew.obj)' is imported by 'Mesh.obj'
LINK : warning LNK4286: symbol '___glewGenVertexArrays' defined in 'glew32s.lib(glew.obj)' is imported by 'Mesh.obj'
LINK : warning LNK4286: symbol '___glewActiveTexture' defined in 'glew32s.lib(glew.obj)' is imported by 'Mesh.obj'
LINK : warning LNK4286: symbol '___glewBufferData' defined in 'glew32s.lib(glew.obj)' is imported by 'Mesh.obj'
LINK : warning LNK4286: symbol '___glewBindBuffer' defined in 'glew32s.lib(glew.obj)' is imported by 'Mesh.obj'
LINK : warning LNK4286: symbol '___glewVertexAttribPointer' defined in 'glew32s.lib(glew.obj)' is imported by 'Mesh.obj'
LINK : warning LNK4286: symbol '___glewBindVertexArray' defined in 'glew32s.lib(glew.obj)' is imported by 'Mesh.obj'
LINK : warning LNK4286: symbol '___glewEnableVertexAttribArray' defined in 'glew32s.lib(glew.obj)' is imported by 'Mesh.obj'
LINK : warning LNK4286: symbol '___glewGenerateMipmap' defined in 'glew32s.lib(glew.obj)' is imported by 'Model.obj'
glew32s.lib(glew.obj) : warning LNK4099: PDB '' was not found with 'glew32s.lib(glew.obj)' or at ''; linking object as if no debug info
  VolumetricCloud.vcxproj -> D:\VolumetricCloud\VolumetricCloud\Release\VolumetricCloud.exe
